
Copyright (C) 1994-2021 Synopsys, Inc.
This Synopsys software and all associated documentation are proprietary to Synopsys, Inc.
and may only be used pursuant to the terms and conditions of a written license agreement
with Synopsys, Inc. All other use, reproduction, modification, or distribution of the
Synopsys software or the associated documentation is strictly prohibited.
Tool: HAPS (R) ProtoCompiler 100
Build: R-2020.12-SP1-1
Install: /usr/cadtool/csr5306/synopsys/protocomp/R-2020.12-SP1-1
OS: CentOS Linux 7 (Core)
Hostname: ws40
max virtual memory: unlimited (bytes)
max user processes: 4096
max stack size: 10485760 (bytes)


Database state : /home/m110/m110063553/FPGA/Lab1_PCflow/RSA/|pp0

# Written on Wed Apr 19 14:45:01 2023

##### DESIGN INFO #######################################################

Top View:                "top"
Constraint File(s):      "/home/m110/m110063553/FPGA/Lab1_PCflow/top_ucdb/cclock_map.tcl"
                         "/home/m110/m110063553/FPGA/Lab1_PCflow/design.fdc"




##### SUMMARY ############################################################

Found 0 issues in 0 out of 3 constraints


##### DETAILS ############################################################



Clock Relationships
*******************

Starting     Ending     |     rise to rise     |     fall to fall     |     rise to fall     |     fall to rise                     
-----------------------------------------------------------------------------------------------------------------------------------
clk          System     |     45.000           |     No paths         |     No paths         |     No paths                         
clk          clk        |     45.000           |     No paths         |     No paths         |     No paths                         
===================================================================================================================================
 Note: 'No paths' indicates there are no paths in the design for that pair of clock edges.
       'Diff grp' indicates that paths exist but the starting clock and ending clock are in different clock groups.


Unconstrained Start/End Points
******************************

p:OUT_D[0]
p:OUT_D[1]
p:OUT_D[2]
p:OUT_D[3]
p:OUT_D[4]
p:OUT_D[5]
p:OUT_D[6]
p:OUT_D[7]
p:OUT_N[0]
p:OUT_N[1]
p:OUT_N[2]
p:OUT_N[3]
p:OUT_N[4]
p:OUT_N[5]
p:OUT_N[6]
p:OUT_N[7]


Inapplicable constraints
************************

(none)


Applicable constraints with issues
**********************************

(none)


Constraints with matching wildcard expressions
**********************************************

(none)


Library Report
**************


# End of Constraint Checker Report
