
Copyright (C) 1994-2021 Synopsys, Inc.
This Synopsys software and all associated documentation are proprietary to Synopsys, Inc.
and may only be used pursuant to the terms and conditions of a written license agreement
with Synopsys, Inc. All other use, reproduction, modification, or distribution of the
Synopsys software or the associated documentation is strictly prohibited.
Tool: HAPS (R) ProtoCompiler 100
Build: R-2020.12-SP1-1
Install: /usr/cadtool/csr5306/synopsys/protocomp/R-2020.12-SP1-1
OS: CentOS Linux 7 (Core)
Hostname: ws40
max virtual memory: unlimited (bytes)
max user processes: 4096
max stack size: 8388608 (bytes)


Database state : /home/m110/m110063553/FPGA/Lab1_PCflow/RSA/|sr0
Synopsys Partitioner, Version map202012pcp4, Build 193R, Built Apr  8 2022 21:27:09, @4216327

##############################################################################
########################## TDM QUALIFIED NETS ##########################
##############################################################################
TDM Qualification type: all
Qualified Nets  Source FPGA  Sink FPGA(s)  Sink Instance                               Driver Instance                           Source Clock  Dest Clock  Clock Group  Slack     
--------------------------------------------------------------------------------------------------------------------------------------------------------------------------------
cnt_temp1[0]    FB1.uA       FB1.uB        FB1.uB.dut_inst.RSA_IP1.t\[5\][6:0].OUT[0]  FB1.uA.dut_inst.cnt_inst1.cnt1[3:0].Q[0]  clk:r         System:r    d1           -43.5278  
cnt_temp1[1]    FB1.uA       FB1.uB        FB1.uB.dut_inst.RSA_IP1.t\[5\][6:0].OUT[0]  FB1.uA.dut_inst.cnt_inst1.cnt1[3:0].Q[1]  clk:r         System:r    d1           -43.0945  
cnt_temp1[2]    FB1.uA       FB1.uB        FB1.uB.dut_inst.RSA_IP1.t\[5\][6:0].OUT[0]  FB1.uA.dut_inst.cnt_inst1.cnt1[3:0].Q[2]  clk:r         System:r    d1           -43.0642  
cnt_temp1[3]    FB1.uA       FB1.uB        FB1.uB.dut_inst.RSA_IP1.t\[5\][6:0].OUT[0]  FB1.uA.dut_inst.cnt_inst1.cnt1[3:0].Q[3]  clk:r         System:r    d1           -43.0338  
cnt_temp2[0]    FB1.uA       FB1.uB        FB1.uB.dut_inst.RSA_IP1.t\[5\][6:0].OUT[0]  FB1.uA.dut_inst.cnt_inst1.cnt2[3:0].Q[0]  clk:r         System:r    d1           -43.3942  
cnt_temp2[1]    FB1.uA       FB1.uB        FB1.uB.dut_inst.RSA_IP1.t\[5\][6:0].OUT[0]  FB1.uA.dut_inst.cnt_inst1.cnt2[3:0].Q[1]  clk:r         System:r    d1           -43.2554  
cnt_temp2[2]    FB1.uA       FB1.uB        FB1.uB.dut_inst.RSA_IP1.t\[5\][6:0].OUT[0]  FB1.uA.dut_inst.cnt_inst1.cnt2[3:0].Q[2]  clk:r         System:r    d1           -42.9022  
cnt_temp2[3]    FB1.uA       FB1.uB        FB1.uB.dut_inst.RSA_IP1.t\[5\][6:0].OUT[0]  FB1.uA.dut_inst.cnt_inst1.cnt2[3:0].Q[3]  clk:r         System:r    d1           -43.2554  
cnt_temp3[0]    FB1.uA       FB1.uB        FB1.uB.dut_inst.RSA_IP1.t\[5\][6:0].OUT[0]  FB1.uA.dut_inst.cnt_inst1.cnt3[3:0].Q[0]  clk:r         System:r    d1           -38.7411  
cnt_temp3[1]    FB1.uA       FB1.uB        FB1.uB.dut_inst.RSA_IP1.t\[5\][6:0].OUT[0]  FB1.uA.dut_inst.cnt_inst1.cnt3[3:0].Q[1]  clk:r         System:r    d1           -38.2662  
cnt_temp3[2]    FB1.uA       FB1.uB        FB1.uB.dut_inst.RSA_IP1.t\[5\][6:0].OUT[0]  FB1.uA.dut_inst.cnt_inst1.cnt3[3:0].Q[2]  clk:r         System:r    d1           -38.2665  
cnt_temp3[3]    FB1.uA       FB1.uB        FB1.uB.dut_inst.RSA_IP1.t\[5\][6:0].OUT[0]  FB1.uA.dut_inst.cnt_inst1.cnt3[3:0].Q[3]  clk:r         System:r    d1           -38.2653  
================================================================================================================================================================================
