
Copyright (C) 1994-2021 Synopsys, Inc.
This Synopsys software and all associated documentation are proprietary to Synopsys, Inc.
and may only be used pursuant to the terms and conditions of a written license agreement
with Synopsys, Inc. All other use, reproduction, modification, or distribution of the
Synopsys software or the associated documentation is strictly prohibited.
Tool: HAPS (R) ProtoCompiler 100
Build: R-2020.12-SP1-1
Install: /usr/cadtool/csr5306/synopsys/protocomp/R-2020.12-SP1-1
OS: CentOS Linux 7 (Core)
Hostname: ws40
max virtual memory: unlimited (bytes)
max user processes: 4096
max stack size: 10485760 (bytes)


Database state : /home/m110/m110063553/FPGA/Lab1_PCflow/RSA/|sg0
Synopsys Xilinx Technology Mapper, Version map202012pcp4, Build 193R, Built Apr  8 2022 21:27:09, @4216327


Id  Slack (ns)  Source Clock  Sink Clock  Exception  Hops  TDMs used per hop**  Total TDM delay (ns)*  User logic delay (ns)  Path delay (ns)  Requirement (ns)  Start Point                          End Point            Net Name      
---------------------------------------------------------------------------------------------------------------------------------------------------------------------------------------------------------------------------------------
1   -49.858     clk:r         System:r    -          -     x1                   (trace:5.146) = 5.146  88.896                 94.858           45.000            FB1.uA.dut_inst.cnt_inst1.cnt2[0].Q  OUT_D[7:0].OUT_D[7]  cnt_temp2[0]  
2   -49.719     clk:r         System:r    -          -     x1                   (trace:5.146) = 5.146  88.757                 94.719           45.000            FB1.uA.dut_inst.cnt_inst1.cnt2[1].Q  OUT_D[7:0].OUT_D[7]  cnt_temp2[1]  
3   -49.719     clk:r         System:r    -          -     x1                   (trace:5.146) = 5.146  88.757                 94.719           45.000            FB1.uA.dut_inst.cnt_inst1.cnt2[3].Q  OUT_D[7:0].OUT_D[7]  cnt_temp2[3]  
4   -49.498     clk:r         System:r    -          -     x1                   (trace:5.146) = 5.146  88.535                 94.498           45.000            FB1.uA.dut_inst.cnt_inst1.cnt1[3].Q  OUT_D[7:0].OUT_D[7]  cnt_temp1[3]  
5   -49.366     clk:r         System:r    -          -     x1                   (trace:5.146) = 5.146  88.404                 94.366           45.000            FB1.uA.dut_inst.cnt_inst1.cnt2[2].Q  OUT_D[7:0].OUT_D[7]  cnt_temp2[2]  
6   -48.599     clk:r         System:r    -          -     x1                   (trace:3.753) = 3.753  89.029                 93.599           45.000            FB1.uA.dut_inst.cnt_inst1.cnt1[0].Q  OUT_D[7:0].OUT_D[7]  cnt_temp1[0]  
7   -48.166     clk:r         System:r    -          -     x1                   (trace:3.753) = 3.753  88.596                 93.166           45.000            FB1.uA.dut_inst.cnt_inst1.cnt1[1].Q  OUT_D[7:0].OUT_D[7]  cnt_temp1[1]  
8   -48.135     clk:r         System:r    -          -     x1                   (trace:3.753) = 3.753  88.566                 93.135           45.000            FB1.uA.dut_inst.cnt_inst1.cnt1[2].Q  OUT_D[7:0].OUT_D[7]  cnt_temp1[2]  
9   -45.205     clk:r         System:r    -          -     x1                   (trace:5.146) = 5.146  84.243                 90.205           45.000            FB1.uA.dut_inst.cnt_inst1.cnt3[0].Q  OUT_D[7:0].OUT_D[7]  cnt_temp3[0]  
10  -44.730     clk:r         System:r    -          -     x1                   (trace:5.146) = 5.146  83.768                 89.731           45.000            FB1.uA.dut_inst.cnt_inst1.cnt3[2].Q  OUT_D[7:0].OUT_D[7]  cnt_temp3[2]  
11  -44.730     clk:r         System:r    -          -     x1                   (trace:5.146) = 5.146  83.768                 89.730           45.000            FB1.uA.dut_inst.cnt_inst1.cnt3[1].Q  OUT_D[7:0].OUT_D[7]  cnt_temp3[1]  
12  -44.729     clk:r         System:r    -          -     x1                   (trace:5.146) = 5.146  83.767                 89.729           45.000            FB1.uA.dut_inst.cnt_inst1.cnt3[3].Q  OUT_D[7:0].OUT_D[7]  cnt_temp3[3]  
=======================================================================================================================================================================================================================================

Path: #1
Starting point:                     FB1.uA/dut_inst.cnt_inst1.cnt2[0]/Q
Ending point:                       OUT_D[7:0]/OUT_D[7]
The start point is clocked by       clk [rising]
The end point is clocked by         System [rising]
Arrival time                        94.858
Required time                       45.000
Slack:                              -49.858

Instance / Net name                   Pin name     Type     FPGA       Arrival time
-----------------------------------------------------------------------------------
FB1.uA/dut_inst.cnt_inst1.cnt2[0]     Q            FDC      FB1_uA            0.817
FB1.uA/dut_inst.cnt_temp2_obuf[0]     O            OBUF     FB1_uA            2.116
cnt_temp2[0]                          -            Net      -          -           
FB1.uB/dut_inst.cnt_temp2_ibuf[0]     I            IBUF     FB1_uB            7.262
OUT_D[7:0]                            OUT_D[7]     Port     top              94.858
===================================================================================

Path: #2
Starting point:                     FB1.uA/dut_inst.cnt_inst1.cnt2[1]/Q
Ending point:                       OUT_D[7:0]/OUT_D[7]
The start point is clocked by       clk [rising]
The end point is clocked by         System [rising]
Arrival time                        94.719
Required time                       45.000
Slack:                              -49.719

Instance / Net name                   Pin name     Type     FPGA       Arrival time
-----------------------------------------------------------------------------------
FB1.uA/dut_inst.cnt_inst1.cnt2[1]     Q            FDC      FB1_uA            0.817
FB1.uA/dut_inst.cnt_temp2_obuf[1]     O            OBUF     FB1_uA            2.116
cnt_temp2[1]                          -            Net      -          -           
FB1.uB/dut_inst.cnt_temp2_ibuf[1]     I            IBUF     FB1_uB            7.262
OUT_D[7:0]                            OUT_D[7]     Port     top              94.719
===================================================================================

Path: #3
Starting point:                     FB1.uA/dut_inst.cnt_inst1.cnt2[3]/Q
Ending point:                       OUT_D[7:0]/OUT_D[7]
The start point is clocked by       clk [rising]
The end point is clocked by         System [rising]
Arrival time                        94.719
Required time                       45.000
Slack:                              -49.719

Instance / Net name                   Pin name     Type     FPGA       Arrival time
-----------------------------------------------------------------------------------
FB1.uA/dut_inst.cnt_inst1.cnt2[3]     Q            FDC      FB1_uA            0.817
FB1.uA/dut_inst.cnt_temp2_obuf[3]     O            OBUF     FB1_uA            2.116
cnt_temp2[3]                          -            Net      -          -           
FB1.uB/dut_inst.cnt_temp2_ibuf[3]     I            IBUF     FB1_uB            7.262
OUT_D[7:0]                            OUT_D[7]     Port     top              94.719
===================================================================================

Path: #4
Starting point:                     FB1.uA/dut_inst.cnt_inst1.cnt1[3]/Q
Ending point:                       OUT_D[7:0]/OUT_D[7]
The start point is clocked by       clk [rising]
The end point is clocked by         System [rising]
Arrival time                        94.498
Required time                       45.000
Slack:                              -49.498

Instance / Net name                   Pin name     Type     FPGA       Arrival time
-----------------------------------------------------------------------------------
FB1.uA/dut_inst.cnt_inst1.cnt1[3]     Q            FDC      FB1_uA            0.817
FB1.uA/dut_inst.cnt_temp1_obuf[3]     O            OBUF     FB1_uA            2.116
cnt_temp1[3]                          -            Net      -          -           
FB1.uB/dut_inst.cnt_temp1_ibuf[3]     I            IBUF     FB1_uB            7.262
OUT_D[7:0]                            OUT_D[7]     Port     top              94.498
===================================================================================

Path: #5
Starting point:                     FB1.uA/dut_inst.cnt_inst1.cnt2[2]/Q
Ending point:                       OUT_D[7:0]/OUT_D[7]
The start point is clocked by       clk [rising]
The end point is clocked by         System [rising]
Arrival time                        94.366
Required time                       45.000
Slack:                              -49.366

Instance / Net name                   Pin name     Type     FPGA       Arrival time
-----------------------------------------------------------------------------------
FB1.uA/dut_inst.cnt_inst1.cnt2[2]     Q            FDC      FB1_uA            0.817
FB1.uA/dut_inst.cnt_temp2_obuf[2]     O            OBUF     FB1_uA            2.116
cnt_temp2[2]                          -            Net      -          -           
FB1.uB/dut_inst.cnt_temp2_ibuf[2]     I            IBUF     FB1_uB            7.262
OUT_D[7:0]                            OUT_D[7]     Port     top              94.366
===================================================================================

Path: #6
Starting point:                     FB1.uA/dut_inst.cnt_inst1.cnt1[0]/Q
Ending point:                       OUT_D[7:0]/OUT_D[7]
The start point is clocked by       clk [rising]
The end point is clocked by         System [rising]
Arrival time                        93.599
Required time                       45.000
Slack:                              -48.599

Instance / Net name                   Pin name     Type     FPGA       Arrival time
-----------------------------------------------------------------------------------
FB1.uA/dut_inst.cnt_inst1.cnt1[0]     Q            FDC      FB1_uA            0.817
FB1.uA/dut_inst.cnt_temp1_obuf[0]     O            OBUF     FB1_uA            2.116
cnt_temp1[0]                          -            Net      -          -           
FB1.uB/dut_inst.cnt_temp1_ibuf[0]     I            IBUF     FB1_uB            5.869
OUT_D[7:0]                            OUT_D[7]     Port     top              93.599
===================================================================================

Path: #7
Starting point:                     FB1.uA/dut_inst.cnt_inst1.cnt1[1]/Q
Ending point:                       OUT_D[7:0]/OUT_D[7]
The start point is clocked by       clk [rising]
The end point is clocked by         System [rising]
Arrival time                        93.166
Required time                       45.000
Slack:                              -48.166

Instance / Net name                   Pin name     Type     FPGA       Arrival time
-----------------------------------------------------------------------------------
FB1.uA/dut_inst.cnt_inst1.cnt1[1]     Q            FDC      FB1_uA            0.817
FB1.uA/dut_inst.cnt_temp1_obuf[1]     O            OBUF     FB1_uA            2.116
cnt_temp1[1]                          -            Net      -          -           
FB1.uB/dut_inst.cnt_temp1_ibuf[1]     I            IBUF     FB1_uB            5.869
OUT_D[7:0]                            OUT_D[7]     Port     top              93.166
===================================================================================

Path: #8
Starting point:                     FB1.uA/dut_inst.cnt_inst1.cnt1[2]/Q
Ending point:                       OUT_D[7:0]/OUT_D[7]
The start point is clocked by       clk [rising]
The end point is clocked by         System [rising]
Arrival time                        93.135
Required time                       45.000
Slack:                              -48.135

Instance / Net name                   Pin name     Type     FPGA       Arrival time
-----------------------------------------------------------------------------------
FB1.uA/dut_inst.cnt_inst1.cnt1[2]     Q            FDC      FB1_uA            0.817
FB1.uA/dut_inst.cnt_temp1_obuf[2]     O            OBUF     FB1_uA            2.116
cnt_temp1[2]                          -            Net      -          -           
FB1.uB/dut_inst.cnt_temp1_ibuf[2]     I            IBUF     FB1_uB            5.869
OUT_D[7:0]                            OUT_D[7]     Port     top              93.135
===================================================================================

Path: #9
Starting point:                     FB1.uA/dut_inst.cnt_inst1.cnt3[0]/Q
Ending point:                       OUT_D[7:0]/OUT_D[7]
The start point is clocked by       clk [rising]
The end point is clocked by         System [rising]
Arrival time                        90.205
Required time                       45.000
Slack:                              -45.205

Instance / Net name                   Pin name     Type     FPGA       Arrival time
-----------------------------------------------------------------------------------
FB1.uA/dut_inst.cnt_inst1.cnt3[0]     Q            FDC      FB1_uA            0.817
FB1.uA/dut_inst.cnt_temp3_obuf[0]     O            OBUF     FB1_uA            2.116
cnt_temp3[0]                          -            Net      -          -           
FB1.uB/dut_inst.cnt_temp3_ibuf[0]     I            IBUF     FB1_uB            7.262
OUT_D[7:0]                            OUT_D[7]     Port     top              90.205
===================================================================================

Path: #10
Starting point:                     FB1.uA/dut_inst.cnt_inst1.cnt3[2]/Q
Ending point:                       OUT_D[7:0]/OUT_D[7]
The start point is clocked by       clk [rising]
The end point is clocked by         System [rising]
Arrival time                        89.731
Required time                       45.000
Slack:                              -44.730

Instance / Net name                   Pin name     Type     FPGA       Arrival time
-----------------------------------------------------------------------------------
FB1.uA/dut_inst.cnt_inst1.cnt3[2]     Q            FDC      FB1_uA            0.817
FB1.uA/dut_inst.cnt_temp3_obuf[2]     O            OBUF     FB1_uA            2.116
cnt_temp3[2]                          -            Net      -          -           
FB1.uB/dut_inst.cnt_temp3_ibuf[2]     I            IBUF     FB1_uB            7.262
OUT_D[7:0]                            OUT_D[7]     Port     top              89.731
===================================================================================

Path: #11
Starting point:                     FB1.uA/dut_inst.cnt_inst1.cnt3[1]/Q
Ending point:                       OUT_D[7:0]/OUT_D[7]
The start point is clocked by       clk [rising]
The end point is clocked by         System [rising]
Arrival time                        89.730
Required time                       45.000
Slack:                              -44.730

Instance / Net name                   Pin name     Type     FPGA       Arrival time
-----------------------------------------------------------------------------------
FB1.uA/dut_inst.cnt_inst1.cnt3[1]     Q            FDC      FB1_uA            0.817
FB1.uA/dut_inst.cnt_temp3_obuf[1]     O            OBUF     FB1_uA            2.116
cnt_temp3[1]                          -            Net      -          -           
FB1.uB/dut_inst.cnt_temp3_ibuf[1]     I            IBUF     FB1_uB            7.262
OUT_D[7:0]                            OUT_D[7]     Port     top              89.730
===================================================================================

Path: #12
Starting point:                     FB1.uA/dut_inst.cnt_inst1.cnt3[3]/Q
Ending point:                       OUT_D[7:0]/OUT_D[7]
The start point is clocked by       clk [rising]
The end point is clocked by         System [rising]
Arrival time                        89.729
Required time                       45.000
Slack:                              -44.729

Instance / Net name                   Pin name     Type     FPGA       Arrival time
-----------------------------------------------------------------------------------
FB1.uA/dut_inst.cnt_inst1.cnt3[3]     Q            FDC      FB1_uA            0.817
FB1.uA/dut_inst.cnt_temp3_obuf[3]     O            OBUF     FB1_uA            2.116
cnt_temp3[3]                          -            Net      -          -           
FB1.uB/dut_inst.cnt_temp3_ibuf[3]     I            IBUF     FB1_uB            7.262
OUT_D[7:0]                            OUT_D[7]     Port     top              89.729
===================================================================================

